app/build/outputs/logs/manifest-merger-debug-report.txt
-- Merging decision tree log ---
manifest
ADDED from src\main\AndroidManifest.xml:2:1-102:12
	xmlns:android
		ADDED from src\main\AndroidManifest.xml:2:11-69
	package
		ADDED from src\main\AndroidManifest.xml:3:2-25
		INJECTED from src\main\AndroidManifest.xml
		INJECTED from src\main\AndroidManifest.xml
	android:versionName
		ADDED from src\main\AndroidManifest.xml:3:50-75
	android:versionCode
		ADDED from src\main\AndroidManifest.xml:3:26-49
		INJECTED from src\main\AndroidManifest.xml
		INJECTED from src\main\AndroidManifest.xml
application
ADDED from src\main\AndroidManifest.xml:4:2-93:16
	android:label
		ADDED from src\main\AndroidManifest.xml:5:33-65
	android:icon
		ADDED from src\main\AndroidManifest.xml:5:3-32
	android:name
		ADDED from src\main\AndroidManifest.xml:4:15-43
activity#com.app.demos.ui.UiLogin
ADDED from src\main\AndroidManifest.xml:7:3-13:14
	android:theme
		ADDED from src\main\AndroidManifest.xml:8:4-52
	android:name
		ADDED from src\main\AndroidManifest.xml:7:13-39
intent-filter#android.intent.action.MAIN+android.intent.category.LAUNCHER
ADDED from src\main\AndroidManifest.xml:9:4-12:20
action#android.intent.action.MAIN
ADDED from src\main\AndroidManifest.xml:10:5-57
	android:name
		ADDED from src\main\AndroidManifest.xml:10:13-54
category#android.intent.category.LAUNCHER
ADDED from src\main\AndroidManifest.xml:11:5-65
	android:name
		ADDED from src\main\AndroidManifest.xml:11:15-62
activity#com.app.demos.ui.UiIndex
ADDED from src\main\AndroidManifest.xml:14:3-20:14
	android:theme
		ADDED from src\main\AndroidManifest.xml:15:4-52
	android:name
		ADDED from src\main\AndroidManifest.xml:14:13-39
intent-filter#android.intent.action.VIEW+android.intent.category.DEFAULT
ADDED from src\main\AndroidManifest.xml:16:4-19:20
action#android.intent.action.VIEW
ADDED from src\main\AndroidManifest.xml:17:5-57
	android:name
		ADDED from src\main\AndroidManifest.xml:17:13-54
category#android.intent.category.DEFAULT
ADDED from src\main\AndroidManifest.xml:18:5-64
	android:name
		ADDED from src\main\AndroidManifest.xml:18:15-61
activity#com.app.demos.ui.UiBlog
ADDED from src\main\AndroidManifest.xml:21:3-27:14
	android:theme
		ADDED from src\main\AndroidManifest.xml:22:4-52
	android:name
		ADDED from src\main\AndroidManifest.xml:21:13-38
activity#com.app.demos.ui.UiBlogs
ADDED from src\main\AndroidManifest.xml:28:3-34:14
	android:theme
		ADDED from src\main\AndroidManifest.xml:29:4-52
	android:name
		ADDED from src\main\AndroidManifest.xml:28:13-39
activity#com.app.demos.ui.UiConfig
ADDED from src\main\AndroidManifest.xml:35:3-41:14
	android:theme
		ADDED from src\main\AndroidManifest.xml:36:4-52
	android:name
		ADDED from src\main\AndroidManifest.xml:35:13-40
activity#com.app.demos.ui.UiEditText
ADDED from src\main\AndroidManifest.xml:42:3-51:14
	android:windowSoftInputMode
		ADDED from src\main\AndroidManifest.xml:44:4-59
	android:theme
		ADDED from src\main\AndroidManifest.xml:43:4-52
	android:name
		ADDED from src\main\AndroidManifest.xml:42:13-42
	android:launchMode
		ADDED from src\main\AndroidManifest.xml:45:4-34
intent-filter#android.intent.action.VIEW+android.intent.category.DEFAULT+com.app.demos.EDITTEXT
ADDED from src\main\AndroidManifest.xml:46:4-50:20
action#com.app.demos.EDITTEXT
ADDED from src\main\AndroidManifest.xml:47:5-53
	android:name
		ADDED from src\main\AndroidManifest.xml:47:13-50
activity#com.app.demos.ui.UiEditBlog
ADDED from src\main\AndroidManifest.xml:52:3-61:14
	android:windowSoftInputMode
		ADDED from src\main\AndroidManifest.xml:54:4-59
	android:theme
		ADDED from src\main\AndroidManifest.xml:53:4-52
	android:name
		ADDED from src\main\AndroidManifest.xml:52:13-42
	android:launchMode
		ADDED from src\main\AndroidManifest.xml:55:4-34
intent-filter#android.intent.action.VIEW+android.intent.category.DEFAULT+com.app.demos.EDITBLOG
ADDED from src\main\AndroidManifest.xml:56:4-60:20
action#com.app.demos.EDITBLOG
ADDED from src\main\AndroidManifest.xml:57:5-53
	android:name
		ADDED from src\main\AndroidManifest.xml:57:13-50
activity#com.app.demos.ui.UiSetFace
ADDED from src\main\AndroidManifest.xml:62:3-69:14
	android:theme
		ADDED from src\main\AndroidManifest.xml:63:4-52
	android:name
		ADDED from src\main\AndroidManifest.xml:62:13-41
	android:launchMode
		ADDED from src\main\AndroidManifest.xml:64:4-34
activity#com.app.demos.demo.DemoWeb
ADDED from src\main\AndroidManifest.xml:70:3-76:14
	android:theme
		ADDED from src\main\AndroidManifest.xml:71:4-52
	android:name
		ADDED from src\main\AndroidManifest.xml:70:13-41
activity#com.app.demos.demo.DemoMap
ADDED from src\main\AndroidManifest.xml:77:3-83:14
	android:theme
		ADDED from src\main\AndroidManifest.xml:78:4-52
	android:name
		ADDED from src\main\AndroidManifest.xml:77:13-41
activity#com.app.demos.test.TestUi
ADDED from src\main\AndroidManifest.xml:84:3-90:14
	android:theme
		ADDED from src\main\AndroidManifest.xml:85:4-52
	android:name
		ADDED from src\main\AndroidManifest.xml:84:13-40
service#com.app.demos.service.NoticeService
ADDED from src\main\AndroidManifest.xml:92:3-88
	android:label
		ADDED from src\main\AndroidManifest.xml:92:50-86
	android:name
		ADDED from src\main\AndroidManifest.xml:92:12-49
uses-permission#android.permission.INTERNET
ADDED from src\main\AndroidManifest.xml:95:2-64
	android:name
		ADDED from src\main\AndroidManifest.xml:95:19-61
uses-permission#android.permission.READ_PHONE_STATE
ADDED from src\main\AndroidManifest.xml:96:2-71
	android:name
		ADDED from src\main\AndroidManifest.xml:96:19-69
uses-permission#android.permission.ACCESS_NETWORK_STATE
ADDED from src\main\AndroidManifest.xml:97:2-76
	android:name
		ADDED from src\main\AndroidManifest.xml:97:19-73
uses-permission#android.permission.ACCESS_COARSE_LOCATION
ADDED from src\main\AndroidManifest.xml:98:2-78
	android:name
		ADDED from src\main\AndroidManifest.xml:98:19-75
uses-permission#android.permission.ACCESS_FINE_LOCATION
ADDED from src\main\AndroidManifest.xml:99:2-76
	android:name
		ADDED from src\main\AndroidManifest.xml:99:19-73
uses-permission#android.permission.VIBRATE
ADDED from src\main\AndroidManifest.xml:101:2-63
	android:name
		ADDED from src\main\AndroidManifest.xml:101:19-60